F2016/app/build/outputs/logs/manifest-merger-debug-report.txt
-- Merging decision tree log ---
manifest
ADDED from src/main/AndroidManifest.xml:1:1-74:12
	xmlns:android
		ADDED from src/main/AndroidManifest.xml:1:11-69
	package
		ADDED from src/main/AndroidManifest.xml:2:5-37
		INJECTED from src/main/AndroidManifest.xml
		INJECTED from src/main/AndroidManifest.xml
	android:versionName
		ADDED from src/main/AndroidManifest.xml:4:5-30
		INJECTED from src/main/AndroidManifest.xml
		INJECTED from src/main/AndroidManifest.xml
	android:versionCode
		ADDED from src/main/AndroidManifest.xml:3:5-28
		INJECTED from src/main/AndroidManifest.xml
		INJECTED from src/main/AndroidManifest.xml
uses-sdk
ADDED from src/main/AndroidManifest.xml:6:5-9:11
	android:targetSdkVersion
		ADDED from src/main/AndroidManifest.xml:8:9-37
		INJECTED from src/main/AndroidManifest.xml
		INJECTED from src/main/AndroidManifest.xml
	android:minSdkVersion
		ADDED from src/main/AndroidManifest.xml:7:9-34
		INJECTED from src/main/AndroidManifest.xml
		INJECTED from src/main/AndroidManifest.xml
uses-permission#android.permission.INTERNET
ADDED from src/main/AndroidManifest.xml:10:5-66
	android:name
		ADDED from src/main/AndroidManifest.xml:10:22-64
application
ADDED from src/main/AndroidManifest.xml:12:5-72:19
	android:label
		ADDED from src/main/AndroidManifest.xml:14:9-41
	android:allowBackup
		ADDED from src/main/AndroidManifest.xml:15:9-35
	android:icon
		ADDED from src/main/AndroidManifest.xml:13:9-45
activity#com.example.ferreteria.login2
ADDED from src/main/AndroidManifest.xml:19:9-27:20
	android:label
		ADDED from src/main/AndroidManifest.xml:21:13-67
	android:name
		ADDED from src/main/AndroidManifest.xml:20:13-35
intent-filter#android.intent.action.MAIN+android.intent.category.LAUNCHER
ADDED from src/main/AndroidManifest.xml:22:13-26:29
action#android.intent.action.MAIN
ADDED from src/main/AndroidManifest.xml:23:17-69
	android:name
		ADDED from src/main/AndroidManifest.xml:23:25-66
category#android.intent.category.LAUNCHER
ADDED from src/main/AndroidManifest.xml:25:17-77
	android:name
		ADDED from src/main/AndroidManifest.xml:25:27-74
activity#com.example.ferreteria.Main_Activity
ADDED from src/main/AndroidManifest.xml:30:9-34:20
	android:label
		ADDED from src/main/AndroidManifest.xml:32:13-67
	android:name
		ADDED from src/main/AndroidManifest.xml:31:13-42
activity#com.example.ferreteria.Activity_Configuracion
ADDED from src/main/AndroidManifest.xml:39:9-44:20
	android:label
		ADDED from src/main/AndroidManifest.xml:41:13-75
	android:name
		ADDED from src/main/AndroidManifest.xml:40:13-73
activity#com.example.ferreteria.Activity_Articulo
ADDED from src/main/AndroidManifest.xml:45:9-49:20
	android:label
		ADDED from src/main/AndroidManifest.xml:47:13-38
	android:name
		ADDED from src/main/AndroidManifest.xml:46:13-68
activity#com.example.ferreteria.Activity_Acerca_De
ADDED from src/main/AndroidManifest.xml:51:9-55:20
	android:label
		ADDED from src/main/AndroidManifest.xml:53:13-38
	android:name
		ADDED from src/main/AndroidManifest.xml:52:13-69
activity#com.example.ferreteria.Activity_Pedidos
ADDED from src/main/AndroidManifest.xml:56:9-60:20
	android:label
		ADDED from src/main/AndroidManifest.xml:58:13-36
	android:name
		ADDED from src/main/AndroidManifest.xml:57:13-67
activity#com.example.ferreteria.Activity_tabla
ADDED from src/main/AndroidManifest.xml:62:9-66:20
	android:label
		ADDED from src/main/AndroidManifest.xml:64:13-34
	android:name
		ADDED from src/main/AndroidManifest.xml:63:13-65
activity#com.example.ferreteria.Conectar
ADDED from src/main/AndroidManifest.xml:67:9-71:20
	android:label
		ADDED from src/main/AndroidManifest.xml:69:13-42
	android:name
		ADDED from src/main/AndroidManifest.xml:68:13-59